Quels sont les bons plans pour acheter ses billets de train ? @SNCF  https://t.co/bWUOD3vY8W
MDR 😂 https://t.co/zLu5lts9hf
RT @RoblesNatalia: #Fret #Train #SNCF @iledefrance #GareDeMoretVeineux https://t.co/HQz5RTMDT3
RT @bkurstjens: De SNCF, de uitvinders van de TGV, pompen nu geld in de Hyperloop: https://t.co/20S2LfRZHN @tijd https://t.co/vJHzq42W65
RT @iampostbad: Au lieu d'intervenir tu filmes , c'est toi le dindon dans l'histoire  https://t.co/bZVzoYE2Wn
RT @feukz: Quand un agent de la sécurité de la SNCF se défoule sur un SDF (Amiens) https://t.co/pnaY1eY6vd
Fils de pute  https://t.co/iWznlZxoc0
RT @feukz: Quand un agent de la sécurité de la SNCF se défoule sur un SDF (Amiens) https://t.co/pnaY1eY6vd
@Chloe_cntntn @SNCF 11€ ! Leur appli a un prb lol 🤔
RT @feukz: Quand un agent de la sécurité de la SNCF se défoule sur un SDF (Amiens) https://t.co/pnaY1eY6vd
#Amiens #Somme : l'homme qui a filmé les violences envers un SDF en gare #SNCF est poursuivable pour ne pas avoir réagi et pour la vidéo.
RT @feukz: Quand un agent de la sécurité de la SNCF se défoule sur un SDF (Amiens) https://t.co/pnaY1eY6vd
RT @iampostbad: Au lieu d'intervenir tu filmes , c'est toi le dindon dans l'histoire  https://t.co/bZVzoYE2Wn
RT @EN2ocrz: @iampostbad  convoque toute l'equipe be mutated et on decale a Amien https://t.co/VPyjrDkzjL
RT @feukz: Quand un agent de la sécurité de la SNCF se défoule sur un SDF (Amiens) https://t.co/pnaY1eY6vd
RT @feukz: Quand un agent de la sécurité de la SNCF se défoule sur un SDF (Amiens) https://t.co/pnaY1eY6vd
RT @feukz: Quand un agent de la sécurité de la SNCF se défoule sur un SDF (Amiens) https://t.co/pnaY1eY6vd
@LioGuillaume @TER_Metz_Lux @SNCF @lerepu sans un mot sur les 15min de retard à l'arrivee. 2/2
Chui mort a la fin s'fdp il a fait un combo https://t.co/AvdBbBxRdu
RT @feukz: Quand un agent de la sécurité de la SNCF se défoule sur un SDF (Amiens) https://t.co/pnaY1eY6vd
RT @feukz: Quand un agent de la sécurité de la SNCF se défoule sur un SDF (Amiens) https://t.co/pnaY1eY6vd
RT @lhouhidottemel: Quatuor de danseuses en voyage une dernière fois, sur Lens - Sotteville-Lès-Rouen, au passage à Arras. #SNCF https://t.…
Jui mort Pcq le gars i se plein mais il continue à filmer  intervient non ?  https://t.co/Cf2t0gybBW
RT @feukz: Quand un agent de la sécurité de la SNCF se défoule sur un SDF (Amiens) https://t.co/pnaY1eY6vd
@descamps_f @SNCF Ben sinon, ce ne serait pas la #SNCF !
RT @feukz: Quand un agent de la sécurité de la SNCF se défoule sur un SDF (Amiens) https://t.co/pnaY1eY6vd
RT @Cotic_87: Abject https://t.co/pOoukWenn4 #SNCF @SNCF
RT @iampostbad: Au lieu d'intervenir tu filmes , c'est toi le dindon dans l'histoire  https://t.co/bZVzoYE2Wn
@LioGuillaume @TER_Metz_Lux @SNCF @lerepu à l'arrivée on nous controle a quai avec cordon de police 1/2
Peut être enfin des trains à l'heure https://t.co/zRti73ec0C
On dirait la SNCF
@LioGuillaume @TER_Metz_Lux @SNCF @lerepu sous pretexte que le controleur n'a pas le tps de controler 2/2
Le programme fidélité @SNCF organise un grand jeu #EURO2016 pour ses membres! Plus de 150 places privilégiées et des cadeaux à gagner! ⚽⚽⚽
RT @EN2ocrz: @iampostbad  convoque toute l'equipe be mutated et on decale a Amien https://t.co/VPyjrDkzjL
@TER_Metz_Lux la @SNCF demande d'anticiper, rigolo vu les retards dans les sorties de dépôt, l'affectation du personnel, etc.
RT @OneRadex: Une question : le gouvernement veut toujours armer les vigiles ? 
Gare d'Amiens, cc @SNCF 
(via Facebook) https://t.co/uwil03…
Au lieu de filmer aide le  https://t.co/KM9yyDAREw
RT @Heaven_Made_Me: Quand Booba va racheter la SNCF et mettre l'instru de Génération Assassin en jingle faudra pas jouer la carte de la sur…
RT @feukz: Quand un agent de la sécurité de la SNCF se défoule sur un SDF (Amiens) https://t.co/pnaY1eY6vd
RT @iampostbad: Au lieu d'intervenir tu filmes , c'est toi le dindon dans l'histoire  https://t.co/bZVzoYE2Wn
RT @iampostbad: Au lieu d'intervenir tu filmes , c'est toi le dindon dans l'histoire  https://t.co/bZVzoYE2Wn
